{
  "stats": {
    "suites": 0,
    "tests": 1,
    "passes": 1,
    "pending": 0,
    "failures": 0,
    "start": "2023-07-09T10:00:29.084Z",
    "end": "2023-07-09T10:00:38.404Z",
    "duration": 9320,
    "testsRegistered": 1,
    "passPercent": 100,
    "pendingPercent": 0,
    "other": 0,
    "hasOther": false,
    "skipped": 0,
    "hasSkipped": false
  },
  "results": [
    {
      "uuid": "c35ab810-f044-4d10-b34a-9caa9dd0a395",
      "title": "",
      "fullFile": "cypress/integration/cart.ts",
      "file": "cypress/integration/cart.ts",
      "beforeHooks": [],
      "afterHooks": [],
      "tests": [
        {
          "title": "Scenario Success add Detail",
          "fullTitle": "Scenario Success add Detail",
          "timedOut": null,
          "duration": 8012,
          "state": "passed",
          "speed": "medium",
          "pass": true,
          "fail": false,
          "pending": false,
          "context": null,
          "code": "loginPage.login(URL, 'standard_user', 'secret_sauce');\nloginPage.assertLogin();\naddToCart.addAllProduct();\naddToCart.assertAddToCart();\ncartPage.removeCart();\ncartPage.cartCheckout();\ncheckoutData.assertCheckoutSuccess();\ncheckoutData.validationInput('firstname', 'asd', '124');\ncheckoutDetail.assertDetail();",
          "err": {},
          "uuid": "a20c653b-8ea0-4360-b79d-53214a822360",
          "parentUUID": "c35ab810-f044-4d10-b34a-9caa9dd0a395",
          "isHook": false,
          "skipped": false
        }
      ],
      "suites": [],
      "passes": [
        "a20c653b-8ea0-4360-b79d-53214a822360"
      ],
      "failures": [],
      "pending": [],
      "skipped": [],
      "duration": 8012,
      "root": true,
      "rootEmpty": false,
      "_timeout": 2000
    }
  ],
  "meta": {
    "mocha": {
      "version": "7.0.1"
    },
    "mochawesome": {
      "options": {
        "quiet": false,
        "reportFilename": "mochawesome",
        "saveHtml": false,
        "saveJson": true,
        "consoleReporter": "spec",
        "useInlineDiffs": false,
        "code": true
      },
      "version": "7.1.3"
    },
    "marge": {
      "options": {
        "chart": true,
        "overwrite": false,
        "html": false,
        "json": true,
        "reportDir": "cypress/reports"
      },
      "version": "6.2.0"
    }
  }
}