{
  "stats": {
    "suites": 0,
    "tests": 1,
    "passes": 1,
    "pending": 0,
    "failures": 0,
    "start": "2023-07-09T10:00:16.383Z",
    "end": "2023-07-09T10:00:25.675Z",
    "duration": 9292,
    "testsRegistered": 1,
    "passPercent": 100,
    "pendingPercent": 0,
    "other": 0,
    "hasOther": false,
    "skipped": 0,
    "hasSkipped": false
  },
  "results": [
    {
      "uuid": "0be70bae-a9bc-482b-9d46-5a06477cd9d4",
      "title": "",
      "fullFile": "cypress/integration/addToCart.ts",
      "file": "cypress/integration/addToCart.ts",
      "beforeHooks": [],
      "afterHooks": [],
      "tests": [
        {
          "title": "Scenario Success Add All Product",
          "fullTitle": "Scenario Success Add All Product",
          "timedOut": null,
          "duration": 7511,
          "state": "passed",
          "speed": "medium",
          "pass": true,
          "fail": false,
          "pending": false,
          "context": null,
          "code": "loginPage.login(URL, 'standard_user', 'secret_sauce');\nloginPage.assertLogin();\naddToCart.addAllProduct();\naddToCart.assertAddToCart();",
          "err": {},
          "uuid": "3980867c-78fe-46c3-9832-e7eb3c110515",
          "parentUUID": "0be70bae-a9bc-482b-9d46-5a06477cd9d4",
          "isHook": false,
          "skipped": false
        }
      ],
      "suites": [],
      "passes": [
        "3980867c-78fe-46c3-9832-e7eb3c110515"
      ],
      "failures": [],
      "pending": [],
      "skipped": [],
      "duration": 7511,
      "root": true,
      "rootEmpty": false,
      "_timeout": 2000
    }
  ],
  "meta": {
    "mocha": {
      "version": "7.0.1"
    },
    "mochawesome": {
      "options": {
        "quiet": false,
        "reportFilename": "mochawesome",
        "saveHtml": false,
        "saveJson": true,
        "consoleReporter": "spec",
        "useInlineDiffs": false,
        "code": true
      },
      "version": "7.1.3"
    },
    "marge": {
      "options": {
        "chart": true,
        "overwrite": false,
        "html": false,
        "json": true,
        "reportDir": "cypress/reports"
      },
      "version": "6.2.0"
    }
  }
}